{"/Users/patrickbattisti/Sistemas/tdd/src/map/map.js": {"path":"/Users/patrickbattisti/Sistemas/tdd/src/map/map.js","statementMap":{"0":{"start":{"line":1,"column":12},"end":{"line":9,"column":1}},"1":{"start":{"line":1,"column":39},"end":{"line":1,"column":43}},"2":{"start":{"line":3,"column":17},"end":{"line":3,"column":19}},"3":{"start":{"line":4,"column":4},"end":{"line":6,"column":6}},"4":{"start":{"line":5,"column":8},"end":{"line":5,"column":43}},"5":{"start":{"line":8,"column":4},"end":{"line":8,"column":17}}},"fnMap":{"0":{"name":"(anonymous_0)","decl":{"start":{"line":1,"column":12},"end":{"line":1,"column":13}},"loc":{"start":{"line":1,"column":48},"end":{"line":9,"column":1}},"line":1},"1":{"name":"(anonymous_1)","decl":{"start":{"line":1,"column":30},"end":{"line":1,"column":31}},"loc":{"start":{"line":1,"column":39},"end":{"line":1,"column":43}},"line":1},"2":{"name":"(anonymous_2)","decl":{"start":{"line":4,"column":16},"end":{"line":4,"column":17}},"loc":{"start":{"line":4,"column":32},"end":{"line":6,"column":5}},"line":4}},"branchMap":{"0":{"loc":{"start":{"line":1,"column":13},"end":{"line":1,"column":21}},"type":"default-arg","locations":[{"start":{"line":1,"column":19},"end":{"line":1,"column":21}}],"line":1},"1":{"loc":{"start":{"line":1,"column":23},"end":{"line":1,"column":43}},"type":"default-arg","locations":[{"start":{"line":1,"column":30},"end":{"line":1,"column":43}}],"line":1}},"s":{"0":1,"1":2,"2":7,"3":7,"4":12,"5":7},"f":{"0":7,"1":2,"2":12},"b":{"0":[1],"1":[2]},"_coverageSchema":"43e27e138ebf9cfc5966b082cf9a028302ed4184","hash":"00fba31125015f8004b4fe5589f18668587e8e32"}
}
